Copyright 1986-2022 Xilinx, Inc. All Rights Reserved. Copyright 2022-2024 Advanced Micro Devices, Inc. All Rights Reserved.
---------------------------------------------------------------------------------------------------------------------------------------------
| Tool Version : Vivado v.2024.2 (win64) Build 5239630 Fri Nov 08 22:35:27 MST 2024
| Date         : Sat Oct 25 15:38:41 2025
| Host         : Celore running 64-bit major release  (build 9200)
| Command      : report_utilization -file design_1_wrapper_utilization_placed.rpt -pb design_1_wrapper_utilization_placed.pb
| Design       : design_1_wrapper
| Device       : xc7z020clg400-1
| Speed File   : -1
| Design State : Fully Placed
---------------------------------------------------------------------------------------------------------------------------------------------

Utilization Design Information

Table of Contents
-----------------
1. Slice Logic
1.1 Summary of Registers by Type
2. Slice Logic Distribution
3. Memory
4. DSP
5. IO and GT Specific
6. Clocking
7. Specific Feature
8. Primitives
9. Black Boxes
10. Instantiated Netlists

1. Slice Logic
--------------

+----------------------------+------+-------+------------+-----------+-------+
|          Site Type         | Used | Fixed | Prohibited | Available | Util% |
+----------------------------+------+-------+------------+-----------+-------+
| Slice LUTs                 | 4284 |     0 |          0 |     53200 |  8.05 |
|   LUT as Logic             | 4046 |     0 |          0 |     53200 |  7.61 |
|   LUT as Memory            |  238 |     0 |          0 |     17400 |  1.37 |
|     LUT as Distributed RAM |   12 |     0 |            |           |       |
|     LUT as Shift Register  |  226 |     0 |            |           |       |
| Slice Registers            | 6557 |     0 |          0 |    106400 |  6.16 |
|   Register as Flip Flop    | 6557 |     0 |          0 |    106400 |  6.16 |
|   Register as Latch        |    0 |     0 |          0 |    106400 |  0.00 |
| F7 Muxes                   |    0 |     0 |          0 |     26600 |  0.00 |
| F8 Muxes                   |    0 |     0 |          0 |     13300 |  0.00 |
+----------------------------+------+-------+------------+-----------+-------+
* Warning! LUT value is adjusted to account for LUT combining.


1.1 Summary of Registers by Type
--------------------------------

+-------+--------------+-------------+--------------+
| Total | Clock Enable | Synchronous | Asynchronous |
+-------+--------------+-------------+--------------+
| 0     |            _ |           - |            - |
| 0     |            _ |           - |          Set |
| 0     |            _ |           - |        Reset |
| 0     |            _ |         Set |            - |
| 0     |            _ |       Reset |            - |
| 0     |          Yes |           - |            - |
| 33    |          Yes |           - |          Set |
| 69    |          Yes |           - |        Reset |
| 330   |          Yes |         Set |            - |
| 6125  |          Yes |       Reset |            - |
+-------+--------------+-------------+--------------+


2. Slice Logic Distribution
---------------------------

+--------------------------------------------+------+-------+------------+-----------+-------+
|                  Site Type                 | Used | Fixed | Prohibited | Available | Util% |
+--------------------------------------------+------+-------+------------+-----------+-------+
| Slice                                      | 2046 |     0 |          0 |     13300 | 15.38 |
|   SLICEL                                   | 1330 |     0 |            |           |       |
|   SLICEM                                   |  716 |     0 |            |           |       |
| LUT as Logic                               | 4046 |     0 |          0 |     53200 |  7.61 |
|   using O5 output only                     |    0 |       |            |           |       |
|   using O6 output only                     | 2936 |       |            |           |       |
|   using O5 and O6                          | 1110 |       |            |           |       |
| LUT as Memory                              |  238 |     0 |          0 |     17400 |  1.37 |
|   LUT as Distributed RAM                   |   12 |     0 |            |           |       |
|     using O5 output only                   |    0 |       |            |           |       |
|     using O6 output only                   |    0 |       |            |           |       |
|     using O5 and O6                        |   12 |       |            |           |       |
|   LUT as Shift Register                    |  226 |     0 |            |           |       |
|     using O5 output only                   |    4 |       |            |           |       |
|     using O6 output only                   |   97 |       |            |           |       |
|     using O5 and O6                        |  125 |       |            |           |       |
| Slice Registers                            | 6557 |     0 |          0 |    106400 |  6.16 |
|   Register driven from within the Slice    | 3205 |       |            |           |       |
|   Register driven from outside the Slice   | 3352 |       |            |           |       |
|     LUT in front of the register is unused | 2697 |       |            |           |       |
|     LUT in front of the register is used   |  655 |       |            |           |       |
| Unique Control Sets                        |  278 |       |          0 |     13300 |  2.09 |
+--------------------------------------------+------+-------+------------+-----------+-------+
* * Note: Available Control Sets calculated as Slice * 1, Review the Control Sets Report for more information regarding control sets.


3. Memory
---------

+-------------------+------+-------+------------+-----------+-------+
|     Site Type     | Used | Fixed | Prohibited | Available | Util% |
+-------------------+------+-------+------------+-----------+-------+
| Block RAM Tile    |    5 |     0 |          0 |       140 |  3.57 |
|   RAMB36/FIFO*    |    4 |     0 |          0 |       140 |  2.86 |
|     RAMB36E1 only |    4 |       |            |           |       |
|   RAMB18          |    2 |     0 |          0 |       280 |  0.71 |
|     RAMB18E1 only |    2 |       |            |           |       |
+-------------------+------+-------+------------+-----------+-------+
* Note: Each Block RAM Tile only has one FIFO logic available and therefore can accommodate only one FIFO36E1 or one FIFO18E1. However, if a FIFO18E1 occupies a Block RAM Tile, that tile can still accommodate a RAMB18E1


4. DSP
------

+-----------+------+-------+------------+-----------+-------+
| Site Type | Used | Fixed | Prohibited | Available | Util% |
+-----------+------+-------+------------+-----------+-------+
| DSPs      |    0 |     0 |          0 |       220 |  0.00 |
+-----------+------+-------+------------+-----------+-------+


5. IO and GT Specific
---------------------

+-----------------------------+------+-------+------------+-----------+-------+
|          Site Type          | Used | Fixed | Prohibited | Available | Util% |
+-----------------------------+------+-------+------------+-----------+-------+
| Bonded IOB                  |    0 |     0 |          0 |       125 |  0.00 |
| Bonded IPADs                |    0 |     0 |          0 |         2 |  0.00 |
| Bonded IOPADs               |    0 |     0 |          0 |       130 |  0.00 |
| PHY_CONTROL                 |    0 |     0 |          0 |         4 |  0.00 |
| PHASER_REF                  |    0 |     0 |          0 |         4 |  0.00 |
| OUT_FIFO                    |    0 |     0 |          0 |        16 |  0.00 |
| IN_FIFO                     |    0 |     0 |          0 |        16 |  0.00 |
| IDELAYCTRL                  |    0 |     0 |          0 |         4 |  0.00 |
| IBUFDS                      |    0 |     0 |          0 |       121 |  0.00 |
| PHASER_OUT/PHASER_OUT_PHY   |    0 |     0 |          0 |        16 |  0.00 |
| PHASER_IN/PHASER_IN_PHY     |    0 |     0 |          0 |        16 |  0.00 |
| IDELAYE2/IDELAYE2_FINEDELAY |    0 |     0 |          0 |       200 |  0.00 |
| ILOGIC                      |    0 |     0 |          0 |       125 |  0.00 |
| OLOGIC                      |    0 |     0 |          0 |       125 |  0.00 |
+-----------------------------+------+-------+------------+-----------+-------+


6. Clocking
-----------

+------------+------+-------+------------+-----------+-------+
|  Site Type | Used | Fixed | Prohibited | Available | Util% |
+------------+------+-------+------------+-----------+-------+
| BUFGCTRL   |    1 |     0 |          0 |        32 |  3.13 |
| BUFIO      |    0 |     0 |          0 |        16 |  0.00 |
| MMCME2_ADV |    0 |     0 |          0 |         4 |  0.00 |
| PLLE2_ADV  |    0 |     0 |          0 |         4 |  0.00 |
| BUFMRCE    |    0 |     0 |          0 |         8 |  0.00 |
| BUFHCE     |    0 |     0 |          0 |        72 |  0.00 |
| BUFR       |    0 |     0 |          0 |        16 |  0.00 |
+------------+------+-------+------------+-----------+-------+


7. Specific Feature
-------------------

+-------------+------+-------+------------+-----------+-------+
|  Site Type  | Used | Fixed | Prohibited | Available | Util% |
+-------------+------+-------+------------+-----------+-------+
| BSCANE2     |    0 |     0 |          0 |         4 |  0.00 |
| CAPTUREE2   |    0 |     0 |          0 |         1 |  0.00 |
| DNA_PORT    |    0 |     0 |          0 |         1 |  0.00 |
| EFUSE_USR   |    0 |     0 |          0 |         1 |  0.00 |
| FRAME_ECCE2 |    0 |     0 |          0 |         1 |  0.00 |
| ICAPE2      |    0 |     0 |          0 |         2 |  0.00 |
| STARTUPE2   |    0 |     0 |          0 |         1 |  0.00 |
| XADC        |    0 |     0 |          0 |         1 |  0.00 |
+-------------+------+-------+------------+-----------+-------+


8. Primitives
-------------

+----------+------+----------------------+
| Ref Name | Used |  Functional Category |
+----------+------+----------------------+
| FDRE     | 6125 |         Flop & Latch |
| LUT5     | 1142 |                  LUT |
| LUT3     | 1069 |                  LUT |
| LUT6     | 1014 |                  LUT |
| LUT2     |  956 |                  LUT |
| LUT4     |  811 |                  LUT |
| FDSE     |  330 |         Flop & Latch |
| SRL16E   |  304 |   Distributed Memory |
| LUT1     |  164 |                  LUT |
| BIBUF    |  130 |                   IO |
| CARRY4   |  108 |           CarryLogic |
| FDCE     |   69 |         Flop & Latch |
| SRLC32E  |   47 |   Distributed Memory |
| FDPE     |   33 |         Flop & Latch |
| RAMD32   |   18 |   Distributed Memory |
| RAMS32   |    6 |   Distributed Memory |
| RAMB36E1 |    4 |         Block Memory |
| RAMB18E1 |    2 |         Block Memory |
| PS7      |    1 | Specialized Resource |
| BUFG     |    1 |                Clock |
+----------+------+----------------------+


9. Black Boxes
--------------

+----------+------+
| Ref Name | Used |
+----------+------+


10. Instantiated Netlists
-------------------------

+------------------------+------+
|        Ref Name        | Used |
+------------------------+------+
| design_1_xor_gate_7_5  |    1 |
| design_1_xor_gate_7_4  |    1 |
| design_1_xor_gate_7_3  |    1 |
| design_1_xor_gate_7_0  |    1 |
| design_1_xor_gate_6_6  |    1 |
| design_1_xor_gate_6_5  |    1 |
| design_1_xor_gate_6_4  |    1 |
| design_1_xor_gate_5_6  |    1 |
| design_1_xor_gate_5_5  |    1 |
| design_1_xor_gate_5_4  |    1 |
| design_1_xor_gate_4_6  |    1 |
| design_1_xor_gate_4_5  |    1 |
| design_1_xor_gate_4_4  |    1 |
| design_1_xor_gate_3_6  |    1 |
| design_1_xor_gate_3_5  |    1 |
| design_1_xor_gate_3_4  |    1 |
| design_1_xor_gate_2_9  |    1 |
| design_1_xor_gate_2_5  |    1 |
| design_1_xor_gate_2_4  |    1 |
| design_1_xor_gate_2_3  |    1 |
| design_1_xor_gate_2_2  |    1 |
| design_1_xor_gate_2_11 |    1 |
| design_1_xor_gate_2_10 |    1 |
| design_1_xor_gate_2_1  |    1 |
| design_1_xor_gate_1_7  |    1 |
| design_1_xor_gate_1_6  |    1 |
| design_1_xor_gate_1_5  |    1 |
| design_1_xor_gate_1_1  |    1 |
| design_1_xor_gate_0_9  |    1 |
| design_1_xor_gate_0_8  |    1 |
| design_1_xor_gate_0_5  |    1 |
| design_1_xor_gate_0_10 |    1 |
| design_1_xor_gate_0_1  |    1 |
| design_1_or_gate_7_0   |    1 |
| design_1_or_gate_6_0   |    1 |
| design_1_or_gate_5_5   |    1 |
| design_1_or_gate_5_4   |    1 |
| design_1_or_gate_5_3   |    1 |
| design_1_or_gate_5_0   |    1 |
| design_1_or_gate_4_8   |    1 |
| design_1_or_gate_4_7   |    1 |
| design_1_or_gate_4_6   |    1 |
| design_1_or_gate_4_2   |    1 |
| design_1_or_gate_3_7   |    1 |
| design_1_or_gate_3_6   |    1 |
| design_1_or_gate_3_5   |    1 |
| design_1_or_gate_3_1   |    1 |
| design_1_or_gate_2_7   |    1 |
| design_1_or_gate_2_6   |    1 |
| design_1_or_gate_2_5   |    1 |
| design_1_or_gate_2_1   |    1 |
| design_1_or_gate_1_7   |    1 |
| design_1_or_gate_1_6   |    1 |
| design_1_or_gate_1_5   |    1 |
| design_1_or_gate_1_1   |    1 |
| design_1_or_gate_0_8   |    1 |
| design_1_or_gate_0_7   |    1 |
| design_1_or_gate_0_6   |    1 |
| design_1_or_gate_0_2   |    1 |
| design_1_full_add_9_7  |    1 |
| design_1_full_add_9_6  |    1 |
| design_1_full_add_9_5  |    1 |
| design_1_full_add_9_4  |    1 |
| design_1_full_add_9_3  |    1 |
| design_1_full_add_9_2  |    1 |
| design_1_full_add_9_0  |    1 |
| design_1_full_add_8_7  |    1 |
| design_1_full_add_8_6  |    1 |
| design_1_full_add_8_5  |    1 |
| design_1_full_add_8_4  |    1 |
| design_1_full_add_8_3  |    1 |
| design_1_full_add_8_2  |    1 |
| design_1_full_add_8_0  |    1 |
| design_1_full_add_7_0  |    1 |
| design_1_full_add_6_0  |    1 |
| design_1_full_add_5_0  |    1 |
| design_1_full_add_4_0  |    1 |
| design_1_full_add_3_0  |    1 |
| design_1_full_add_2_0  |    1 |
| design_1_full_add_1_0  |    1 |
| design_1_full_add_15_7 |    1 |
| design_1_full_add_15_6 |    1 |
| design_1_full_add_15_5 |    1 |
| design_1_full_add_15_4 |    1 |
| design_1_full_add_15_3 |    1 |
| design_1_full_add_15_2 |    1 |
| design_1_full_add_15_0 |    1 |
| design_1_full_add_14_7 |    1 |
| design_1_full_add_14_6 |    1 |
| design_1_full_add_14_5 |    1 |
| design_1_full_add_14_4 |    1 |
| design_1_full_add_14_3 |    1 |
| design_1_full_add_14_2 |    1 |
| design_1_full_add_14_0 |    1 |
| design_1_full_add_13_7 |    1 |
| design_1_full_add_13_6 |    1 |
| design_1_full_add_13_5 |    1 |
| design_1_full_add_13_4 |    1 |
| design_1_full_add_13_3 |    1 |
| design_1_full_add_13_2 |    1 |
| design_1_full_add_13_0 |    1 |
| design_1_full_add_12_7 |    1 |
| design_1_full_add_12_6 |    1 |
| design_1_full_add_12_5 |    1 |
| design_1_full_add_12_4 |    1 |
| design_1_full_add_12_3 |    1 |
| design_1_full_add_12_2 |    1 |
| design_1_full_add_12_0 |    1 |
| design_1_full_add_11_7 |    1 |
| design_1_full_add_11_6 |    1 |
| design_1_full_add_11_5 |    1 |
| design_1_full_add_11_4 |    1 |
| design_1_full_add_11_3 |    1 |
| design_1_full_add_11_2 |    1 |
| design_1_full_add_11_0 |    1 |
| design_1_full_add_10_7 |    1 |
| design_1_full_add_10_6 |    1 |
| design_1_full_add_10_5 |    1 |
| design_1_full_add_10_4 |    1 |
| design_1_full_add_10_3 |    1 |
| design_1_full_add_10_2 |    1 |
| design_1_full_add_10_0 |    1 |
| design_1_full_add_0_0  |    1 |
| design_1_cg_fpga_0_0   |    1 |
| design_1_and_gate_9_7  |    1 |
| design_1_and_gate_9_6  |    1 |
| design_1_and_gate_9_5  |    1 |
| design_1_and_gate_9_4  |    1 |
| design_1_and_gate_9_3  |    1 |
| design_1_and_gate_9_2  |    1 |
| design_1_and_gate_9_0  |    1 |
| design_1_and_gate_8_7  |    1 |
| design_1_and_gate_8_6  |    1 |
| design_1_and_gate_8_5  |    1 |
| design_1_and_gate_8_4  |    1 |
| design_1_and_gate_8_3  |    1 |
| design_1_and_gate_8_2  |    1 |
| design_1_and_gate_8_0  |    1 |
| design_1_and_gate_7_6  |    1 |
| design_1_and_gate_7_5  |    1 |
| design_1_and_gate_7_4  |    1 |
| design_1_and_gate_7_3  |    1 |
| design_1_and_gate_7_0  |    1 |
| design_1_and_gate_6_7  |    1 |
| design_1_and_gate_6_6  |    1 |
| design_1_and_gate_6_5  |    1 |
| design_1_and_gate_6_4  |    1 |
| design_1_and_gate_5_7  |    1 |
| design_1_and_gate_5_6  |    1 |
| design_1_and_gate_5_5  |    1 |
| design_1_and_gate_5_4  |    1 |
| design_1_and_gate_4_7  |    1 |
| design_1_and_gate_4_6  |    1 |
| design_1_and_gate_4_5  |    1 |
| design_1_and_gate_4_4  |    1 |
| design_1_and_gate_3_7  |    1 |
| design_1_and_gate_3_6  |    1 |
| design_1_and_gate_3_5  |    1 |
| design_1_and_gate_3_4  |    1 |
| design_1_and_gate_2_7  |    1 |
| design_1_and_gate_2_6  |    1 |
| design_1_and_gate_2_5  |    1 |
| design_1_and_gate_2_4  |    1 |
| design_1_and_gate_1_7  |    1 |
| design_1_and_gate_1_6  |    1 |
| design_1_and_gate_1_5  |    1 |
| design_1_and_gate_1_4  |    1 |
| design_1_and_gate_15_7 |    1 |
| design_1_and_gate_15_6 |    1 |
| design_1_and_gate_15_5 |    1 |
| design_1_and_gate_15_4 |    1 |
| design_1_and_gate_15_3 |    1 |
| design_1_and_gate_15_2 |    1 |
| design_1_and_gate_15_0 |    1 |
| design_1_and_gate_14_7 |    1 |
| design_1_and_gate_14_6 |    1 |
| design_1_and_gate_14_5 |    1 |
| design_1_and_gate_14_4 |    1 |
| design_1_and_gate_14_3 |    1 |
| design_1_and_gate_14_2 |    1 |
| design_1_and_gate_14_0 |    1 |
| design_1_and_gate_13_7 |    1 |
| design_1_and_gate_13_6 |    1 |
| design_1_and_gate_13_5 |    1 |
| design_1_and_gate_13_4 |    1 |
| design_1_and_gate_13_3 |    1 |
| design_1_and_gate_13_2 |    1 |
| design_1_and_gate_13_0 |    1 |
| design_1_and_gate_12_7 |    1 |
| design_1_and_gate_12_6 |    1 |
| design_1_and_gate_12_5 |    1 |
| design_1_and_gate_12_4 |    1 |
| design_1_and_gate_12_3 |    1 |
| design_1_and_gate_12_2 |    1 |
| design_1_and_gate_12_0 |    1 |
| design_1_and_gate_11_7 |    1 |
| design_1_and_gate_11_6 |    1 |
| design_1_and_gate_11_5 |    1 |
| design_1_and_gate_11_4 |    1 |
| design_1_and_gate_11_3 |    1 |
| design_1_and_gate_11_2 |    1 |
| design_1_and_gate_11_0 |    1 |
| design_1_and_gate_10_7 |    1 |
| design_1_and_gate_10_6 |    1 |
| design_1_and_gate_10_5 |    1 |
| design_1_and_gate_10_4 |    1 |
| design_1_and_gate_10_3 |    1 |
| design_1_and_gate_10_2 |    1 |
| design_1_and_gate_10_0 |    1 |
| design_1_and_gate_0_6  |    1 |
| design_1_and_gate_0_5  |    1 |
| design_1_and_gate_0_4  |    1 |
| design_1_and_gate_0_3  |    1 |
| design_1_and_gate_0_2  |    1 |
| design_1_and_gate_0_13 |    1 |
| design_1_and_gate_0_10 |    1 |
| design_1_and_gate_0_1  |    1 |
| design_1_adpt_out_0_1  |    1 |
| design_1_adpt_in_1_1   |    1 |
| design_1_adpt_in_0_1   |    1 |
+------------------------+------+


